[INFO] Scanning for projects...
[INFO] 
[INFO] ------------------< com.citiustech.pms:PMS-Diagnosis >------------------
[INFO] Building PMS-Diagnosis 0.0.1-SNAPSHOT
[INFO] --------------------------------[ jar ]---------------------------------
[INFO] 
[INFO] --- maven-resources-plugin:3.2.0:resources (default-resources) @ PMS-Diagnosis ---
[INFO] Using 'UTF-8' encoding to copy filtered resources.
[INFO] Using 'UTF-8' encoding to copy filtered properties files.
[INFO] Copying 1 resource
[INFO] Copying 0 resource
[INFO] 
[INFO] --- maven-compiler-plugin:3.8.1:compile (default-compile) @ PMS-Diagnosis ---
[INFO] Nothing to compile - all classes are up to date
[INFO] 
[INFO] --- maven-resources-plugin:3.2.0:testResources (default-testResources) @ PMS-Diagnosis ---
[INFO] Using 'UTF-8' encoding to copy filtered resources.
[INFO] Using 'UTF-8' encoding to copy filtered properties files.
[INFO] skip non existing resourceDirectory C:\Users\saraphinh\Documents\workspace-spring-tool-suite-4-4.4.0.RELEASE\PMS-Diagnosis\src\test\resources
[INFO] 
[INFO] --- maven-compiler-plugin:3.8.1:testCompile (default-testCompile) @ PMS-Diagnosis ---
[INFO] Nothing to compile - all classes are up to date
[INFO] 
[INFO] --- maven-surefire-plugin:2.22.2:test (default-test) @ PMS-Diagnosis ---
[INFO] 
[INFO] --- maven-jar-plugin:3.2.0:jar (default-jar) @ PMS-Diagnosis ---
[INFO] 
[INFO] --- spring-boot-maven-plugin:2.4.4:repackage (repackage) @ PMS-Diagnosis ---
[INFO] Replacing main artifact with repackaged archive
[INFO] ------------------------------------------------------------------------
[INFO] BUILD SUCCESS
[INFO] ------------------------------------------------------------------------
[INFO] Total time:  1.759 s
[INFO] Finished at: 2021-04-09T13:18:48+05:30
[INFO] ------------------------------------------------------------------------
